#
# There is insufficient memory for the Java Runtime Environment to continue.
# Native memory allocation (malloc) failed to allocate 1184976 bytes for Chunk::new
# Possible reasons:
#   The system is out of physical RAM or swap space
#   In 32 bit mode, the process size limit was hit
# Possible solutions:
#   Reduce memory load on the system
#   Increase physical memory or swap space
#   Check if swap backing store is full
#   Use 64 bit Java on a 64 bit OS
#   Decrease Java heap size (-Xmx/-Xms)
#   Decrease number of Java threads
#   Decrease Java thread stack sizes (-Xss)
#   Set larger code cache with -XX:ReservedCodeCacheSize=
# This output file may be truncated or incomplete.
#
#  Out of Memory Error (allocation.cpp:390), pid=8600, tid=0x0000000000001e28
#
# JRE version: OpenJDK Runtime Environment (8.0_152-b01) (build 1.8.0_152-release-915-b01)
# Java VM: OpenJDK 64-Bit Server VM (25.152-b01 mixed mode windows-amd64 compressed oops)
# Failed to write core dump. Minidumps are not enabled by default on client versions of Windows
#

---------------  T H R E A D  ---------------

Current thread (0x00000000551fe000):  JavaThread "C2 CompilerThread0" daemon [_thread_in_native, id=7720, stack(0x0000000056980000,0x0000000056a80000)]

Stack: [0x0000000056980000,0x0000000056a80000]
[error occurred during error reporting (printing stack bounds), id 0xc0000005]

Native frames: (J=compiled Java code, j=interpreted, Vv=VM code, C=native code)


Current CompileTask:
C2: 600678 12858       4       com.android.utils.PositionXmlParser::getPositionHelper (757 bytes)


---------------  P R O C E S S  ---------------

Java Threads: ( => current thread )
  0x00000000575f8800 JavaThread "stdout" daemon [_thread_in_native, id=12736, stack(0x0000000064f20000,0x0000000065020000)]
  0x00000000575f7800 JavaThread "stderr" daemon [_thread_in_native, id=12732, stack(0x0000000064db0000,0x0000000064eb0000)]
  0x00000000575f5800 JavaThread "stdout" daemon [_thread_in_native, id=12648, stack(0x00000000643b0000,0x00000000644b0000)]
  0x00000000575f4800 JavaThread "stderr" daemon [_thread_in_native, id=12644, stack(0x0000000064960000,0x0000000064a60000)]
  0x00000000575f2800 JavaThread "queued-resource-processor_12" daemon [_thread_blocked, id=12596, stack(0x00000000644e0000,0x00000000645e0000)]
  0x00000000575f1800 JavaThread "queued-resource-processor_11" daemon [_thread_blocked, id=12592, stack(0x000000005a610000,0x000000005a710000)]
  0x0000000061a40800 JavaThread "queued-resource-processor_10" daemon [_thread_blocked, id=12584, stack(0x0000000064180000,0x0000000064280000)]
  0x00000000595e9800 JavaThread "queued-resource-processor_9" daemon [_thread_blocked, id=12580, stack(0x00000000642b0000,0x00000000643b0000)]
  0x000000005b177800 JavaThread "Task worker for ':' Thread 3" [_thread_blocked, id=10744, stack(0x0000000064060000,0x0000000064160000)]
  0x000000005b177000 JavaThread "Task worker for ':' Thread 2" [_thread_blocked, id=8056, stack(0x0000000060280000,0x0000000060380000)]
  0x000000005b176000 JavaThread "Task worker for ':'" [_thread_blocked, id=10984, stack(0x0000000063e90000,0x0000000063f90000)]
  0x000000005b175800 JavaThread "Cache worker for Build Output Cleanup Cache (C:\sh2\.gradle\buildOutputCleanup)" [_thread_blocked, id=9992, stack(0x000000005b020000,0x000000005b120000)]
  0x000000005b174800 JavaThread "Cache worker for task history cache (C:\sh2\.gradle\4.4\taskHistory)" [_thread_blocked, id=10004, stack(0x0000000060830000,0x0000000060930000)]
  0x00000000595eb800 JavaThread "build operations Thread 4" [_thread_blocked, id=8224, stack(0x000000005ebf0000,0x000000005ecf0000)]
  0x00000000595e8800 JavaThread "build operations Thread 3" [_thread_blocked, id=10116, stack(0x000000005e410000,0x000000005e510000)]
  0x00000000595ec800 JavaThread "build operations Thread 2" [_thread_blocked, id=11732, stack(0x000000005e260000,0x000000005e360000)]
  0x00000000595ea000 JavaThread "build operations" [_thread_blocked, id=11624, stack(0x000000005a9c0000,0x000000005aac0000)]
  0x0000000061a41800 JavaThread "Cache worker for Artifact transforms cache (C:\Users\Administrator\.gradle\caches\transforms-1)" [_thread_blocked, id=6916, stack(0x000000005e140000,0x000000005e240000)]
  0x0000000061a3f800 JavaThread "Cache worker for file hash cache (C:\sh2\.gradle\4.4\fileHashes)" [_thread_blocked, id=10288, stack(0x000000005dbf0000,0x000000005dcf0000)]
  0x00000000586fa800 JavaThread "Stdin handler" [_thread_blocked, id=11820, stack(0x000000005a3c0000,0x000000005a4c0000)]
  0x00000000586fd800 JavaThread "Asynchronous log dispatcher for DefaultDaemonConnection: socket connection from /127.0.0.1:61534 to /127.0.0.1:64705" [_thread_blocked, id=4128, stack(0x000000005a850000,0x000000005a950000)]
  0x00000000586fd000 JavaThread "Cancel handler" [_thread_blocked, id=10388, stack(0x000000005a720000,0x000000005a820000)]
  0x00000000586fe800 JavaThread "Handler for socket connection from /127.0.0.1:61534 to /127.0.0.1:64705" [_thread_in_native, id=11836, stack(0x0000000059e10000,0x0000000059f10000)]
  0x00000000586ff000 JavaThread "Daemon worker Thread 2" [_thread_blocked, id=11680, stack(0x000000005a4f0000,0x000000005a5f0000)]
  0x0000000058700800 JavaThread "Daemon Thread 2" [_thread_blocked, id=12028, stack(0x000000005a010000,0x000000005a110000)]
  0x0000000058700000 JavaThread "Memory manager" [_thread_blocked, id=1712, stack(0x000000005ed60000,0x000000005ee60000)]
  0x000000005787b000 JavaThread "File lock request listener" [_thread_in_native, id=8024, stack(0x000000005af10000,0x000000005b010000)]
  0x0000000058622000 JavaThread "Cache worker for file hash cache (C:\Users\Administrator\.gradle\caches\4.4\fileHashes)" [_thread_blocked, id=8592, stack(0x000000005ad60000,0x000000005ae60000)]
  0x000000005673c800 JavaThread "Daemon periodic checks" [_thread_blocked, id=2924, stack(0x0000000059f10000,0x000000005a010000)]
  0x000000005673a000 JavaThread "Incoming local TCP Connector on port 61534" [_thread_in_native, id=5912, stack(0x0000000056d00000,0x0000000056e00000)]
  0x000000005659c000 JavaThread "Service Thread" daemon [_thread_blocked, id=8416, stack(0x0000000056f50000,0x0000000057050000)]
  0x0000000056528000 JavaThread "C1 CompilerThread2" daemon [_thread_blocked, id=5468, stack(0x0000000057070000,0x0000000057170000)]
  0x0000000056526800 JavaThread "C2 CompilerThread1" daemon [_thread_blocked, id=8172, stack(0x0000000056e00000,0x0000000056f00000)]
=>0x00000000551fe000 JavaThread "C2 CompilerThread0" daemon [_thread_in_native, id=7720, stack(0x0000000056980000,0x0000000056a80000)]
  0x000000005650a800 JavaThread "Attach Listener" daemon [_thread_blocked, id=3064, stack(0x0000000056bd0000,0x0000000056cd0000)]
  0x00000000551ee800 JavaThread "Signal Dispatcher" daemon [_thread_blocked, id=8900, stack(0x0000000056ac0000,0x0000000056bc0000)]
  0x00000000551d8000 JavaThread "Finalizer" daemon [_thread_blocked, id=8644, stack(0x0000000056400000,0x0000000056500000)]
  0x0000000055190800 JavaThread "Reference Handler" daemon [_thread_blocked, id=1272, stack(0x0000000056300000,0x0000000056400000)]
  0x000000000267f800 JavaThread "main" [_thread_blocked, id=1728, stack(0x00000000026a0000,0x00000000027a0000)]

Other Threads:
  0x0000000055189000 VMThread [stack: 0x00000000561a0000,0x00000000562a0000] [id=7804]
  0x000000005659d800 WatcherThread [stack: 0x00000000571c0000,0x00000000572c0000] [id=7932]

VM state:not at safepoint (normal execution)

VM Mutex/Monitor currently owned by a thread: None

Heap:
 PSYoungGen      total 317952K, used 96234K [0x00000000eab00000, 0x0000000100000000, 0x0000000100000000)
  eden space 287744K, 26% used [0x00000000eab00000,0x00000000ef653a80,0x00000000fc400000)
  from space 30208K, 63% used [0x00000000fc400000,0x00000000fd6a7040,0x00000000fe180000)
  to   space 30720K, 0% used [0x00000000fe200000,0x00000000fe200000,0x0000000100000000)
 ParOldGen       total 139776K, used 50520K [0x00000000c0000000, 0x00000000c8880000, 0x00000000eab00000)
  object space 139776K, 36% used [0x00000000c0000000,0x00000000c31563f0,0x00000000c8880000)
 Metaspace       used 68814K, capacity 72492K, committed 72832K, reserved 1112064K
  class space    used 9043K, capacity 10017K, committed 10112K, reserved 1048576K

Card table byte_map: [0x0000000011b60000,0x0000000011d70000] byte_map_base: 0x0000000011560000

Marking Bits: (ParMarkBitMap*) 0x0000000069da3950
 Begin Bits: [0x0000000012600000, 0x0000000013600000)
 End Bits:   [0x0000000013600000, 0x0000000014600000)

Polling page: 0x0000000000230000

CodeCache: size=245760Kb used=36118Kb max_used=37306Kb free=209641Kb
 bounds [0x00000000027a0000, 0x0000000004c40000, 0x00000000117a0000]
 total_blobs=11292 nmethods=10486 adapters=717
 compilation: enabled

Compilation events (10 events):
Event: 598.607 Thread 0x0000000056528000 12888       3       com.google.gson.internal.Excluder::excludeClass (129 bytes)
Event: 598.612 Thread 0x0000000056528000 nmethod 12888 0x0000000002a364d0 code [0x0000000002a36940, 0x0000000002a39328]
Event: 598.612 Thread 0x0000000056528000 12889       3       com.google.gson.internal.$Gson$Types::getRawType (157 bytes)
Event: 598.614 Thread 0x0000000056528000 nmethod 12889 0x0000000003711c90 code [0x0000000003711fe0, 0x0000000003713f48]
Event: 598.701 Thread 0x0000000056526800 12890   !   4       java.util.concurrent.ConcurrentHashMap::putVal (362 bytes)
Event: 598.729 Thread 0x0000000056526800 nmethod 12890 0x0000000003c0d410 code [0x0000000003c0d5e0, 0x0000000003c0e4f0]
Event: 598.790 Thread 0x0000000056528000 12891       3       com.sun.jmx.mbeanserver.JmxMBeanServer::cloneObjectName (11 bytes)
Event: 598.791 Thread 0x0000000056528000 nmethod 12891 0x0000000003e70ed0 code [0x0000000003e71080, 0x0000000003e71618]
Event: 598.882 Thread 0x0000000056528000 12892       3       com.google.common.cache.LocalCache::evictsBySize (15 bytes)
Event: 598.882 Thread 0x0000000056528000 nmethod 12892 0x0000000003348590 code [0x00000000033486e0, 0x0000000003348890]

GC Heap History (10 events):
Event: 41.307 GC heap before
{Heap before GC invocations=10 (full 2):
 PSYoungGen      total 249856K, used 203248K [0x00000000eab00000, 0x0000000100000000, 0x0000000100000000)
  eden space 235008K, 80% used [0x00000000eab00000,0x00000000f62ff7b0,0x00000000f9080000)
  from space 14848K, 99% used [0x00000000f9080000,0x00000000f9efca98,0x00000000f9f00000)
  to   space 22016K, 0% used [0x00000000fea80000,0x00000000fea80000,0x0000000100000000)
 ParOldGen       total 82944K, used 25956K [0x00000000c0000000, 0x00000000c5100000, 0x00000000eab00000)
  object space 82944K, 31% used [0x00000000c0000000,0x00000000c1959378,0x00000000c5100000)
 Metaspace       used 56557K, capacity 58974K, committed 59008K, reserved 1099776K
  class space    used 7862K, capacity 8550K, committed 8576K, reserved 1048576K
Event: 41.681 GC heap after
Heap after GC invocations=10 (full 2):
 PSYoungGen      total 307712K, used 21986K [0x00000000eab00000, 0x0000000100000000, 0x0000000100000000)
  eden space 285696K, 0% used [0x00000000eab00000,0x00000000eab00000,0x00000000fc200000)
  from space 22016K, 99% used [0x00000000fea80000,0x00000000ffff8908,0x0000000100000000)
  to   space 31744K, 0% used [0x00000000fc200000,0x00000000fc200000,0x00000000fe100000)
 ParOldGen       total 82944K, used 40209K [0x00000000c0000000, 0x00000000c5100000, 0x00000000eab00000)
  object space 82944K, 48% used [0x00000000c0000000,0x00000000c2744400,0x00000000c5100000)
 Metaspace       used 56557K, capacity 58974K, committed 59008K, reserved 1099776K
  class space    used 7862K, capacity 8550K, committed 8576K, reserved 1048576K
}
Event: 41.681 GC heap before
{Heap before GC invocations=11 (full 3):
 PSYoungGen      total 307712K, used 21986K [0x00000000eab00000, 0x0000000100000000, 0x0000000100000000)
  eden space 285696K, 0% used [0x00000000eab00000,0x00000000eab00000,0x00000000fc200000)
  from space 22016K, 99% used [0x00000000fea80000,0x00000000ffff8908,0x0000000100000000)
  to   space 31744K, 0% used [0x00000000fc200000,0x00000000fc200000,0x00000000fe100000)
 ParOldGen       total 82944K, used 40209K [0x00000000c0000000, 0x00000000c5100000, 0x00000000eab00000)
  object space 82944K, 48% used [0x00000000c0000000,0x00000000c2744400,0x00000000c5100000)
 Metaspace       used 56557K, capacity 58974K, committed 59008K, reserved 1099776K
  class space    used 7862K, capacity 8550K, committed 8576K, reserved 1048576K
Event: 42.695 GC heap after
Heap after GC invocations=11 (full 3):
 PSYoungGen      total 307712K, used 0K [0x00000000eab00000, 0x0000000100000000, 0x0000000100000000)
  eden space 285696K, 0% used [0x00000000eab00000,0x00000000eab00000,0x00000000fc200000)
  from space 22016K, 0% used [0x00000000fea80000,0x00000000fea80000,0x0000000100000000)
  to   space 31744K, 0% used [0x00000000fc200000,0x00000000fc200000,0x00000000fe100000)
 ParOldGen       total 139776K, used 50496K [0x00000000c0000000, 0x00000000c8880000, 0x00000000eab00000)
  object space 139776K, 36% used [0x00000000c0000000,0x00000000c31503f0,0x00000000c8880000)
 Metaspace       used 56557K, capacity 58974K, committed 59008K, reserved 1099776K
  class space    used 7862K, capacity 8550K, committed 8576K, reserved 1048576K
}
Event: 79.689 GC heap before
{Heap before GC invocations=12 (full 3):
 PSYoungGen      total 307712K, used 285696K [0x00000000eab00000, 0x0000000100000000, 0x0000000100000000)
  eden space 285696K, 100% used [0x00000000eab00000,0x00000000fc200000,0x00000000fc200000)
  from space 22016K, 0% used [0x00000000fea80000,0x00000000fea80000,0x0000000100000000)
  to   space 31744K, 0% used [0x00000000fc200000,0x00000000fc200000,0x00000000fe100000)
 ParOldGen       total 139776K, used 50496K [0x00000000c0000000, 0x00000000c8880000, 0x00000000eab00000)
  object space 139776K, 36% used [0x00000000c0000000,0x00000000c31503f0,0x00000000c8880000)
 Metaspace       used 62066K, capacity 65034K, committed 65280K, reserved 1105920K
  class space    used 8372K, capacity 9202K, committed 9216K, reserved 1048576K
Event: 79.760 GC heap after
Heap after GC invocations=12 (full 3):
 PSYoungGen      total 317440K, used 13695K [0x00000000eab00000, 0x0000000100000000, 0x0000000100000000)
  eden space 285696K, 0% used [0x00000000eab00000,0x00000000eab00000,0x00000000fc200000)
  from space 31744K, 43% used [0x00000000fc200000,0x00000000fcf5fcc0,0x00000000fe100000)
  to   space 29696K, 0% used [0x00000000fe300000,0x00000000fe300000,0x0000000100000000)
 ParOldGen       total 139776K, used 50504K [0x00000000c0000000, 0x00000000c8880000, 0x00000000eab00000)
  object space 139776K, 36% used [0x00000000c0000000,0x00000000c31523f0,0x00000000c8880000)
 Metaspace       used 62066K, capacity 65034K, committed 65280K, reserved 1105920K
  class space    used 8372K, capacity 9202K, committed 9216K, reserved 1048576K
}
Event: 559.417 GC heap before
{Heap before GC invocations=13 (full 3):
 PSYoungGen      total 317440K, used 299391K [0x00000000eab00000, 0x0000000100000000, 0x0000000100000000)
  eden space 285696K, 100% used [0x00000000eab00000,0x00000000fc200000,0x00000000fc200000)
  from space 31744K, 43% used [0x00000000fc200000,0x00000000fcf5fcc0,0x00000000fe100000)
  to   space 29696K, 0% used [0x00000000fe300000,0x00000000fe300000,0x0000000100000000)
 ParOldGen       total 139776K, used 50504K [0x00000000c0000000, 0x00000000c8880000, 0x00000000eab00000)
  object space 139776K, 36% used [0x00000000c0000000,0x00000000c31523f0,0x00000000c8880000)
 Metaspace       used 67826K, capacity 71238K, committed 71296K, reserved 1110016K
  class space    used 8956K, capacity 9852K, committed 9856K, reserved 1048576K
Event: 559.636 GC heap after
Heap after GC invocations=13 (full 3):
 PSYoungGen      total 316416K, used 19695K [0x00000000eab00000, 0x00000000fff00000, 0x0000000100000000)
  eden space 287744K, 0% used [0x00000000eab00000,0x00000000eab00000,0x00000000fc400000)
  from space 28672K, 68% used [0x00000000fe300000,0x00000000ff63beb8,0x00000000fff00000)
  to   space 30208K, 0% used [0x00000000fc400000,0x00000000fc400000,0x00000000fe180000)
 ParOldGen       total 139776K, used 50512K [0x00000000c0000000, 0x00000000c8880000, 0x00000000eab00000)
  object space 139776K, 36% used [0x00000000c0000000,0x00000000c31543f0,0x00000000c8880000)
 Metaspace       used 67826K, capacity 71238K, committed 71296K, reserved 1110016K
  class space    used 8956K, capacity 9852K, committed 9856K, reserved 1048576K
}
Event: 593.960 GC heap before
{Heap before GC invocations=14 (full 3):
 PSYoungGen      total 316416K, used 307439K [0x00000000eab00000, 0x00000000fff00000, 0x0000000100000000)
  eden space 287744K, 100% used [0x00000000eab00000,0x00000000fc400000,0x00000000fc400000)
  from space 28672K, 68% used [0x00000000fe300000,0x00000000ff63beb8,0x00000000fff00000)
  to   space 30208K, 0% used [0x00000000fc400000,0x00000000fc400000,0x00000000fe180000)
 ParOldGen       total 139776K, used 50512K [0x00000000c0000000, 0x00000000c8880000, 0x00000000eab00000)
  object space 139776K, 36% used [0x00000000c0000000,0x00000000c31543f0,0x00000000c8880000)
 Metaspace       used 68556K, capacity 72208K, committed 72320K, reserved 1112064K
  class space    used 9015K, capacity 10001K, committed 10112K, reserved 1048576K
Event: 594.018 GC heap after
Heap after GC invocations=14 (full 3):
 PSYoungGen      total 317952K, used 19100K [0x00000000eab00000, 0x0000000100000000, 0x0000000100000000)
  eden space 287744K, 0% used [0x00000000eab00000,0x00000000eab00000,0x00000000fc400000)
  from space 30208K, 63% used [0x00000000fc400000,0x00000000fd6a7040,0x00000000fe180000)
  to   space 30720K, 0% used [0x00000000fe200000,0x00000000fe200000,0x0000000100000000)
 ParOldGen       total 139776K, used 50520K [0x00000000c0000000, 0x00000000c8880000, 0x00000000eab00000)
  object space 139776K, 36% used [0x00000000c0000000,0x00000000c31563f0,0x00000000c8880000)
 Metaspace       used 68556K, capacity 72208K, committed 72320K, reserved 1112064K
  class space    used 9015K, capacity 10001K, committed 10112K, reserved 1048576K
}

Deoptimization events (10 events):
Event: 595.466 Thread 0x00000000586ff000 Uncommon trap: reason=class_check action=maybe_recompile pc=0x000000000455f158 method=org.gradle.api.internal.artifacts.transform.DefaultArtifactTransforms$ConsumerProvidedResolvedVariant$TransformingResult.visit(Lorg/gradle/api/internal/artifacts/ivyserv
Event: 596.341 Thread 0x00000000586ff000 Uncommon trap: reason=unstable_if action=reinterpret pc=0x0000000004889a48 method=org.gradle.api.internal.changedetection.state.ValueSnapshotter.processValue(Ljava/lang/Object;Lorg/gradle/api/internal/changedetection/state/ValueSnapshotStrategy;)Lorg/grad
Event: 596.341 Thread 0x00000000586ff000 Uncommon trap: reason=array_check action=maybe_recompile pc=0x000000000298358c method=java.util.TimSort.binarySort([Ljava/lang/Object;IIILjava/util/Comparator;)V @ 215
Event: 596.626 Thread 0x00000000586ff000 Uncommon trap: reason=predicate action=maybe_recompile pc=0x0000000004c01a78 method=com.google.common.collect.RegularImmutableMap.fromEntryArray(I[Ljava/util/Map$Entry;)Lcom/google/common/collect/RegularImmutableMap; @ 62
Event: 596.626 Thread 0x00000000586ff000 Uncommon trap: reason=unstable_if action=reinterpret pc=0x0000000004c1bff0 method=com.google.common.collect.ImmutableMap.copyOf(Ljava/util/Map;)Lcom/google/common/collect/ImmutableMap; @ 4
Event: 596.628 Thread 0x00000000586ff000 Uncommon trap: reason=null_check action=make_not_entrant pc=0x00000000044e9338 method=com.android.manifmerger.XmlElement.<init>(Lorg/w3c/dom/Element;Lcom/android/manifmerger/XmlDocument;)V @ 82
Event: 596.691 Thread 0x00000000586ff000 Uncommon trap: reason=array_check action=maybe_recompile pc=0x000000000298358c method=java.util.TimSort.binarySort([Ljava/lang/Object;IIILjava/util/Comparator;)V @ 215
Event: 597.442 Thread 0x00000000586ff000 Uncommon trap: reason=array_check action=maybe_recompile pc=0x0000000002983718 method=java.util.TimSort.binarySort([Ljava/lang/Object;IIILjava/util/Comparator;)V @ 183
Event: 597.481 Thread 0x00000000586ff000 Uncommon trap: reason=array_check action=maybe_recompile pc=0x0000000002983650 method=java.util.TimSort.binarySort([Ljava/lang/Object;IIILjava/util/Comparator;)V @ 193
Event: 597.691 Thread 0x00000000586ff000 Uncommon trap: reason=array_check action=maybe_recompile pc=0x0000000002983718 method=java.util.TimSort.binarySort([Ljava/lang/Object;IIILjava/util/Comparator;)V @ 183

Classes redefined (0 events):
No events

Internal exceptions (10 events):
Event: 584.726 Thread 0x00000000586ff000 Exception <a 'sun/nio/fs/WindowsException'> (0x00000000f526ef10) thrown at [D:\src\AOSP-openjdk-cygwin\jdk8u\hotspot\src\share\vm\prims\jni.cpp, line 709]
Event: 584.727 Thread 0x00000000586ff000 Exception <a 'sun/nio/fs/WindowsException'> (0x00000000f5271fd8) thrown at [D:\src\AOSP-openjdk-cygwin\jdk8u\hotspot\src\share\vm\prims\jni.cpp, line 709]
Event: 584.727 Thread 0x00000000586ff000 Exception <a 'sun/nio/fs/WindowsException'> (0x00000000f5272df0) thrown at [D:\src\AOSP-openjdk-cygwin\jdk8u\hotspot\src\share\vm\prims\jni.cpp, line 709]
Event: 584.728 Thread 0x00000000586ff000 Exception <a 'sun/nio/fs/WindowsException'> (0x00000000f5275010) thrown at [D:\src\AOSP-openjdk-cygwin\jdk8u\hotspot\src\share\vm\prims\jni.cpp, line 709]
Event: 584.728 Thread 0x00000000586ff000 Exception <a 'sun/nio/fs/WindowsException'> (0x00000000f5275e68) thrown at [D:\src\AOSP-openjdk-cygwin\jdk8u\hotspot\src\share\vm\prims\jni.cpp, line 709]
Event: 584.729 Thread 0x00000000586ff000 Exception <a 'sun/nio/fs/WindowsException'> (0x00000000f52791a8) thrown at [D:\src\AOSP-openjdk-cygwin\jdk8u\hotspot\src\share\vm\prims\jni.cpp, line 709]
Event: 584.729 Thread 0x00000000586ff000 Exception <a 'sun/nio/fs/WindowsException'> (0x00000000f527a0a0) thrown at [D:\src\AOSP-openjdk-cygwin\jdk8u\hotspot\src\share\vm\prims\jni.cpp, line 709]
Event: 584.729 Thread 0x00000000586ff000 Exception <a 'sun/nio/fs/WindowsException'> (0x00000000f527c3b0) thrown at [D:\src\AOSP-openjdk-cygwin\jdk8u\hotspot\src\share\vm\prims\jni.cpp, line 709]
Event: 584.729 Thread 0x00000000586ff000 Exception <a 'sun/nio/fs/WindowsException'> (0x00000000f527d2e0) thrown at [D:\src\AOSP-openjdk-cygwin\jdk8u\hotspot\src\share\vm\prims\jni.cpp, line 709]
Event: 593.801 Thread 0x00000000586ff000 Exception <a 'java/lang/NoSuchMethodError': java.lang.Object.lambda$comparingInt$7b0bb60$1(Ljava/util/function/ToIntFunction;Ljava/lang/Object;Ljava/lang/Object;)I> (0x00000000fbe5a448) thrown at [D:\src\AOSP-openjdk-cygwin\jdk8u\hotspot\src\share\vm\inte

Events (10 events):
Event: 600.205 Thread 0x00000000575f3000 Thread exited: 0x00000000575f3000
Event: 600.205 Thread 0x00000000575f4000 Thread exited: 0x00000000575f4000
Event: 600.205 Executing VM operation: RevokeBias
Event: 600.205 Executing VM operation: RevokeBias done
Event: 600.205 Thread 0x00000000575f7000 Thread exited: 0x00000000575f7000
Event: 600.205 Executing VM operation: RevokeBias
Event: 600.205 Executing VM operation: RevokeBias done
Event: 600.205 Thread 0x00000000575f6000 Thread exited: 0x00000000575f6000
Event: 600.285 Executing VM operation: RevokeBias
Event: 600.285 Executing VM operation: RevokeBias done


Dynamic libraries:
0x000000013f120000 - 0x000000013f151000 	C:\Program Files\Android\Android Studio\jre\bin\java.exe
0x0000000077bb0000 - 0x0000000077d59000 	C:\Windows\SYSTEM32\ntdll.dll
0x0000000077880000 - 0x000000007799f000 	C:\Windows\system32\kernel32.dll
0x000007fefe160000 - 0x000007fefe1cb000 	C:\Windows\system32\KERNELBASE.dll
0x000007feff5b0000 - 0x000007feff68b000 	C:\Windows\system32\ADVAPI32.dll
0x000007feff320000 - 0x000007feff3bf000 	C:\Windows\system32\msvcrt.dll
0x000007feff430000 - 0x000007feff44f000 	C:\Windows\SYSTEM32\sechost.dll
0x000007feffaa0000 - 0x000007feffbcd000 	C:\Windows\system32\RPCRT4.dll
0x0000000077630000 - 0x000000007772a000 	C:\Windows\system32\USER32.dll
0x000007fefe4d0000 - 0x000007fefe537000 	C:\Windows\system32\GDI32.dll
0x000007feffca0000 - 0x000007feffcae000 	C:\Windows\system32\LPK.dll
0x000007fefe3e0000 - 0x000007fefe4a9000 	C:\Windows\system32\USP10.dll
0x000007fefc9b0000 - 0x000007fefcba4000 	C:\Windows\WinSxS\amd64_microsoft.windows.common-controls_6595b64144ccf1df_6.0.7601.17514_none_fa396087175ac9ac\COMCTL32.dll
0x000007feff730000 - 0x000007feff7a1000 	C:\Windows\system32\SHLWAPI.dll
0x000007feffbd0000 - 0x000007feffbfe000 	C:\Windows\system32\IMM32.DLL
0x000007feff7b0000 - 0x000007feff8b9000 	C:\Windows\system32\MSCTF.dll
0x0000000072fe0000 - 0x00000000730b2000 	C:\Program Files\Android\Android Studio\jre\jre\bin\msvcr100.dll
0x00000000695e0000 - 0x0000000069e1e000 	C:\Program Files\Android\Android Studio\jre\jre\bin\server\jvm.dll
0x000007fefbb10000 - 0x000007fefbb19000 	C:\Windows\system32\WSOCK32.dll
0x000007feff2d0000 - 0x000007feff31d000 	C:\Windows\system32\WS2_32.dll
0x000007feff3c0000 - 0x000007feff3c8000 	C:\Windows\system32\NSI.dll
0x000007fef6d80000 - 0x000007fef6dbb000 	C:\Windows\system32\WINMM.dll
0x000007fefd170000 - 0x000007fefd17c000 	C:\Windows\system32\VERSION.dll
0x0000000077d80000 - 0x0000000077d87000 	C:\Windows\system32\PSAPI.DLL
0x000007fefc820000 - 0x000007fefc82f000 	C:\Program Files\Android\Android Studio\jre\jre\bin\verify.dll
0x000007fef5fa0000 - 0x000007fef5fc9000 	C:\Program Files\Android\Android Studio\jre\jre\bin\java.dll
0x000007fef6540000 - 0x000007fef6556000 	C:\Program Files\Android\Android Studio\jre\jre\bin\zip.dll
0x000007fefe540000 - 0x000007feff2c8000 	C:\Windows\system32\SHELL32.dll
0x000007feffcb0000 - 0x000007feffeb3000 	C:\Windows\system32\ole32.dll
0x000007fefe010000 - 0x000007fefe01f000 	C:\Windows\system32\profapi.dll
0x000007fefbaf0000 - 0x000007fefbb0a000 	C:\Program Files\Android\Android Studio\jre\jre\bin\net.dll
0x000007fefd780000 - 0x000007fefd7d5000 	C:\Windows\system32\mswsock.dll
0x000007fefda70000 - 0x000007fefda77000 	C:\Windows\System32\wship6.dll
0x000007fef5f80000 - 0x000007fef5f91000 	C:\Program Files\Android\Android Studio\jre\jre\bin\nio.dll
0x000007feee850000 - 0x000007feee86e000 	C:\Users\Administrator\.gradle\native\25\windows-amd64\native-platform.dll
0x000007fefc830000 - 0x000007fefc83d000 	C:\Program Files\Android\Android Studio\jre\jre\bin\management.dll
0x000007fefda90000 - 0x000007fefdaa7000 	C:\Windows\system32\CRYPTSP.dll
0x000007fefd580000 - 0x000007fefd5c7000 	C:\Windows\system32\rsaenh.dll
0x000007fefd350000 - 0x000007fefd36e000 	C:\Windows\system32\USERENV.dll
0x000007fefdf00000 - 0x000007fefdf0f000 	C:\Windows\system32\CRYPTBASE.dll
0x000007fefbaa0000 - 0x000007fefbac7000 	C:\Windows\system32\IPHLPAPI.DLL
0x000007fefba90000 - 0x000007fefba9b000 	C:\Windows\system32\WINNSI.DLL
0x000007fefb890000 - 0x000007fefb8a8000 	C:\Windows\system32\dhcpcsvc.DLL
0x000007fefb810000 - 0x000007fefb821000 	C:\Windows\system32\dhcpcsvc6.DLL
0x000007fefdea0000 - 0x000007fefdef7000 	C:\Windows\system32\apphelp.dll

VM Arguments:
jvm_args: -XX:+HeapDumpOnOutOfMemoryError -Xmx1024m -Dfile.encoding=x-windows-949 -Duser.country=KR -Duser.language=ko -Duser.variant 
java_command: org.gradle.launcher.daemon.bootstrap.GradleDaemon 4.4
java_class_path (initial): C:\Users\Administrator\.gradle\wrapper\dists\gradle-4.4-all\9br9xq1tocpiv8o6njlyu5op1\gradle-4.4\lib\gradle-launcher-4.4.jar
Launcher Type: SUN_STANDARD

Environment Variables:
JAVA_HOME=C:\Program Files\Java\jdk-9.0.4
CLASSPATH=C:\Program Files\Java\jdk1.8.0_73\lib
PATH=C:\ProgramData\Oracle\Java\javapath;C:\Program Files\Java\jdk-9.0.4\bin;C:\Windows\System32;;C:\Program Files (x86)\ESTsoft\ALSee\x64
USERNAME=Administrator
OS=Windows_NT
PROCESSOR_IDENTIFIER=Intel64 Family 6 Model 61 Stepping 4, GenuineIntel



---------------  S Y S T E M  ---------------

OS: Windows 7 , 64 bit Build 7601 (6.1.7601.18229)

CPU:total 4 (initial active 4) (2 cores per cpu, 2 threads per core) family 6 model 61 stepping 4, cmov, cx8, fxsr, mmx, sse, sse2, sse3, ssse3, sse4.1, sse4.2, popcnt, avx, avx2, aes, clmul, erms, 3dnowpref, lzcnt, ht, tsc, tscinvbit, bmi1, bmi2, adx

Memory: 4k page, physical 8301096k(106652k free), swap 10396384k(4468k free)

vm_info: OpenJDK 64-Bit Server VM (25.152-b01) for windows-amd64 JRE (1.8.0_152-release-915-b01), built by "builder" with MS VC++ 10.0 (VS2010)

time: Wed Oct 03 07:05:41 2018
elapsed time: 600 seconds (0d 0h 10m 0s)

